11:35:55.971 INFO [LogManager$RootLogger.log] - Using the system default encoding
11:35:55.981 INFO [OpenTelemetryTracer.createTracer] - Using OpenTelemetry for tracing
11:35:56.819 INFO [NodeOptions.getSessionFactories] - Detected 8 available processors
11:35:56.861 INFO [NodeOptions.discoverDrivers] - Discovered 4 driver(s)
11:35:56.903 INFO [NodeOptions.report] - Adding Chrome for {"browserName": "chrome"} 8 times
11:35:56.904 INFO [NodeOptions.report] - Adding Edge for {"browserName": "MicrosoftEdge"} 8 times
11:35:56.905 INFO [NodeOptions.report] - Adding Firefox for {"browserName": "firefox"} 8 times
11:35:56.906 INFO [NodeOptions.report] - Adding Safari for {"browserName": "safari"} 1 times
11:35:57.016 INFO [Node.<init>] - Binding additional locator mechanisms: relative, id, name
11:35:57.056 INFO [LocalDistributor.add] - Added node 0ebe0727-9b27-4f0d-bebc-eeda97c6e27f at http://192.168.0.104:4444. Health check every 120s
11:35:57.057 INFO [GridModel.setAvailability] - Switching node 0ebe0727-9b27-4f0d-bebc-eeda97c6e27f (uri: http://192.168.0.104:4444) from DOWN to UP
11:35:57.282 INFO [Standalone.execute] - Started Selenium Standalone 4.0.0 (revision 3a21814679): http://192.168.0.104:4444
Selenium started
11:36:01.352 INFO [LocalDistributor.newSession] - Session request received by the distributor: 
 [Capabilities {browserName: chrome}]
Starting ChromeDriver 104.0.5112.79 (3cf3e8c8a07d104b9e1260c910efb8f383285dc5-refs/branch-heads/5112@{#1307}) on port 60636
Only local connections are allowed.
Please see https://chromedriver.chromium.org/security-considerations for suggestions on keeping ChromeDriver safe.
ChromeDriver was started successfully.
11:36:04.047 INFO [ProtocolHandshake.createSession] - Detected dialect: W3C
11:36:04.154 INFO [LocalDistributor.newSession] - Session created by the distributor. Id: 009b748caf27f7f7da3fad9d150adf3f, Caps: Capabilities {acceptInsecureCerts: false, browserName: chrome, browserVersion: 104.0.5112.79, chrome: {chromedriverVersion: 104.0.5112.79 (3cf3e8c8a07d..., userDataDir: /var/folders/vc/v_208v6n00v...}, goog:chromeOptions: {debuggerAddress: localhost:60909}, networkConnectionEnabled: false, pageLoadStrategy: normal, platformName: mac os x, proxy: Proxy(), se:cdp: ws://192.168.0.104:4444/ses..., se:cdpVersion: 104.0.5112.79, setWindowRect: true, strictFileInteractability: false, timeouts: {implicit: 0, pageLoad: 300000, script: 30000}, unhandledPromptBehavior: dismiss and notify, webauthn:extension:credBlob: true, webauthn:extension:largeBlob: true, webauthn:virtualAuthenticators: true}
11:36:09.630 WARN [SeleniumSpanExporter$1.lambda$export$0] - {"traceId": "c17da6b5e47d158cbe57a5c40b6c54f3","eventTime": 1660638969629689500,"eventName": "HTTP request execution complete","attributes": {"http.flavor": 1,"http.handler_class": "org.openqa.selenium.remote.http.Route$PredicatedRoute","http.host": "127.0.0.1:4444","http.method": "POST","http.request_content_length": "2","http.scheme": "HTTP","http.status_code": 404,"http.target": "\u002fsession\u002f009b748caf27f7f7da3fad9d150adf3f\u002felement\u002f853161c6-3e01-4ff8-bbb0-d09122490809\u002fclick","http.user_agent": "webdriver\u002f7.20.8"}}

11:36:09.967 WARN [SeleniumSpanExporter$1.lambda$export$0] - {"traceId": "4ca2c3ec99b747529df9857d0cbe0a75","eventTime": 1660638969965890333,"eventName": "HTTP request execution complete","attributes": {"http.flavor": 1,"http.handler_class": "org.openqa.selenium.remote.http.Route$PredicatedRoute","http.host": "127.0.0.1:4444","http.method": "POST","http.request_content_length": "2","http.scheme": "HTTP","http.status_code": 404,"http.target": "\u002fsession\u002f009b748caf27f7f7da3fad9d150adf3f\u002felement\u002f853161c6-3e01-4ff8-bbb0-d09122490809\u002fclick","http.user_agent": "webdriver\u002f7.20.8"}}

11:36:10.462 INFO [LocalSessionMap.lambda$new$0] - Deleted session from local session map, Id: 009b748caf27f7f7da3fad9d150adf3f
11:36:11.393 INFO [LocalDistributor.newSession] - Session request received by the distributor: 
 [Capabilities {browserName: chrome}]
Starting ChromeDriver 104.0.5112.79 (3cf3e8c8a07d104b9e1260c910efb8f383285dc5-refs/branch-heads/5112@{#1307}) on port 59241
Only local connections are allowed.
Please see https://chromedriver.chromium.org/security-considerations for suggestions on keeping ChromeDriver safe.
ChromeDriver was started successfully.
11:36:12.688 INFO [ProtocolHandshake.createSession] - Detected dialect: W3C
11:36:12.724 INFO [LocalDistributor.newSession] - Session created by the distributor. Id: d9fca1bc1f792e6f7821996540b51a63, Caps: Capabilities {acceptInsecureCerts: false, browserName: chrome, browserVersion: 104.0.5112.79, chrome: {chromedriverVersion: 104.0.5112.79 (3cf3e8c8a07d..., userDataDir: /var/folders/vc/v_208v6n00v...}, goog:chromeOptions: {debuggerAddress: localhost:60972}, networkConnectionEnabled: false, pageLoadStrategy: normal, platformName: mac os x, proxy: Proxy(), se:cdp: ws://192.168.0.104:4444/ses..., se:cdpVersion: 104.0.5112.79, setWindowRect: true, strictFileInteractability: false, timeouts: {implicit: 0, pageLoad: 300000, script: 30000}, unhandledPromptBehavior: dismiss and notify, webauthn:extension:credBlob: true, webauthn:extension:largeBlob: true, webauthn:virtualAuthenticators: true}
11:36:15.618 INFO [LocalSessionMap.lambda$new$0] - Deleted session from local session map, Id: d9fca1bc1f792e6f7821996540b51a63
11:36:16.400 INFO [LocalDistributor.newSession] - Session request received by the distributor: 
 [Capabilities {browserName: chrome}]
Starting ChromeDriver 104.0.5112.79 (3cf3e8c8a07d104b9e1260c910efb8f383285dc5-refs/branch-heads/5112@{#1307}) on port 61606
Only local connections are allowed.
Please see https://chromedriver.chromium.org/security-considerations for suggestions on keeping ChromeDriver safe.
ChromeDriver was started successfully.
11:36:17.609 INFO [ProtocolHandshake.createSession] - Detected dialect: W3C
11:36:17.631 INFO [LocalDistributor.newSession] - Session created by the distributor. Id: 57b401497db3f2a4efe2d9db63e61645, Caps: Capabilities {acceptInsecureCerts: false, browserName: chrome, browserVersion: 104.0.5112.79, chrome: {chromedriverVersion: 104.0.5112.79 (3cf3e8c8a07d..., userDataDir: /var/folders/vc/v_208v6n00v...}, goog:chromeOptions: {debuggerAddress: localhost:61011}, networkConnectionEnabled: false, pageLoadStrategy: normal, platformName: mac os x, proxy: Proxy(), se:cdp: ws://192.168.0.104:4444/ses..., se:cdpVersion: 104.0.5112.79, setWindowRect: true, strictFileInteractability: false, timeouts: {implicit: 0, pageLoad: 300000, script: 30000}, unhandledPromptBehavior: dismiss and notify, webauthn:extension:credBlob: true, webauthn:extension:largeBlob: true, webauthn:virtualAuthenticators: true}
11:36:19.433 INFO [LocalSessionMap.lambda$new$0] - Deleted session from local session map, Id: 57b401497db3f2a4efe2d9db63e61645
11:36:21.410 INFO [LocalDistributor.newSession] - Session request received by the distributor: 
 [Capabilities {browserName: chrome}]
Starting ChromeDriver 104.0.5112.79 (3cf3e8c8a07d104b9e1260c910efb8f383285dc5-refs/branch-heads/5112@{#1307}) on port 58612
Only local connections are allowed.
Please see https://chromedriver.chromium.org/security-considerations for suggestions on keeping ChromeDriver safe.
ChromeDriver was started successfully.
11:36:22.618 INFO [ProtocolHandshake.createSession] - Detected dialect: W3C
11:36:22.634 INFO [LocalDistributor.newSession] - Session created by the distributor. Id: 66aef28dbf9f8f89e65ed2c10cfeb84c, Caps: Capabilities {acceptInsecureCerts: false, browserName: chrome, browserVersion: 104.0.5112.79, chrome: {chromedriverVersion: 104.0.5112.79 (3cf3e8c8a07d..., userDataDir: /var/folders/vc/v_208v6n00v...}, goog:chromeOptions: {debuggerAddress: localhost:61065}, networkConnectionEnabled: false, pageLoadStrategy: normal, platformName: mac os x, proxy: Proxy(), se:cdp: ws://192.168.0.104:4444/ses..., se:cdpVersion: 104.0.5112.79, setWindowRect: true, strictFileInteractability: false, timeouts: {implicit: 0, pageLoad: 300000, script: 30000}, unhandledPromptBehavior: dismiss and notify, webauthn:extension:credBlob: true, webauthn:extension:largeBlob: true, webauthn:virtualAuthenticators: true}
11:36:24.104 INFO [LocalSessionMap.lambda$new$0] - Deleted session from local session map, Id: 66aef28dbf9f8f89e65ed2c10cfeb84c
11:36:26.435 INFO [LocalDistributor.newSession] - Session request received by the distributor: 
 [Capabilities {browserName: chrome}]
Starting ChromeDriver 104.0.5112.79 (3cf3e8c8a07d104b9e1260c910efb8f383285dc5-refs/branch-heads/5112@{#1307}) on port 60863
Only local connections are allowed.
Please see https://chromedriver.chromium.org/security-considerations for suggestions on keeping ChromeDriver safe.
ChromeDriver was started successfully.
11:36:27.619 INFO [ProtocolHandshake.createSession] - Detected dialect: W3C
11:36:27.633 INFO [LocalDistributor.newSession] - Session created by the distributor. Id: f7557304aa1e655473bd5fba67a7cbd0, Caps: Capabilities {acceptInsecureCerts: false, browserName: chrome, browserVersion: 104.0.5112.79, chrome: {chromedriverVersion: 104.0.5112.79 (3cf3e8c8a07d..., userDataDir: /var/folders/vc/v_208v6n00v...}, goog:chromeOptions: {debuggerAddress: localhost:61103}, networkConnectionEnabled: false, pageLoadStrategy: normal, platformName: mac os x, proxy: Proxy(), se:cdp: ws://192.168.0.104:4444/ses..., se:cdpVersion: 104.0.5112.79, setWindowRect: true, strictFileInteractability: false, timeouts: {implicit: 0, pageLoad: 300000, script: 30000}, unhandledPromptBehavior: dismiss and notify, webauthn:extension:credBlob: true, webauthn:extension:largeBlob: true, webauthn:virtualAuthenticators: true}
11:36:29.352 INFO [LocalSessionMap.lambda$new$0] - Deleted session from local session map, Id: f7557304aa1e655473bd5fba67a7cbd0
11:36:31.446 INFO [LocalDistributor.newSession] - Session request received by the distributor: 
 [Capabilities {browserName: chrome}]
Starting ChromeDriver 104.0.5112.79 (3cf3e8c8a07d104b9e1260c910efb8f383285dc5-refs/branch-heads/5112@{#1307}) on port 57512
Only local connections are allowed.
Please see https://chromedriver.chromium.org/security-considerations for suggestions on keeping ChromeDriver safe.
ChromeDriver was started successfully.
11:36:32.637 INFO [ProtocolHandshake.createSession] - Detected dialect: W3C
11:36:32.662 INFO [LocalDistributor.newSession] - Session created by the distributor. Id: 3390b29e0b9f15b03659c4c553b47351, Caps: Capabilities {acceptInsecureCerts: false, browserName: chrome, browserVersion: 104.0.5112.79, chrome: {chromedriverVersion: 104.0.5112.79 (3cf3e8c8a07d..., userDataDir: /var/folders/vc/v_208v6n00v...}, goog:chromeOptions: {debuggerAddress: localhost:61155}, networkConnectionEnabled: false, pageLoadStrategy: normal, platformName: mac os x, proxy: Proxy(), se:cdp: ws://192.168.0.104:4444/ses..., se:cdpVersion: 104.0.5112.79, setWindowRect: true, strictFileInteractability: false, timeouts: {implicit: 0, pageLoad: 300000, script: 30000}, unhandledPromptBehavior: dismiss and notify, webauthn:extension:credBlob: true, webauthn:extension:largeBlob: true, webauthn:virtualAuthenticators: true}
11:36:34.531 INFO [LocalSessionMap.lambda$new$0] - Deleted session from local session map, Id: 3390b29e0b9f15b03659c4c553b47351
11:36:36.460 INFO [LocalDistributor.newSession] - Session request received by the distributor: 
 [Capabilities {browserName: chrome}]
Starting ChromeDriver 104.0.5112.79 (3cf3e8c8a07d104b9e1260c910efb8f383285dc5-refs/branch-heads/5112@{#1307}) on port 61372
Only local connections are allowed.
Please see https://chromedriver.chromium.org/security-considerations for suggestions on keeping ChromeDriver safe.
ChromeDriver was started successfully.
11:36:37.843 INFO [ProtocolHandshake.createSession] - Detected dialect: W3C
11:36:37.880 INFO [LocalDistributor.newSession] - Session created by the distributor. Id: 552619ce79d7dc48e99b68f079322ea6, Caps: Capabilities {acceptInsecureCerts: false, browserName: chrome, browserVersion: 104.0.5112.79, chrome: {chromedriverVersion: 104.0.5112.79 (3cf3e8c8a07d..., userDataDir: /var/folders/vc/v_208v6n00v...}, goog:chromeOptions: {debuggerAddress: localhost:61193}, networkConnectionEnabled: false, pageLoadStrategy: normal, platformName: mac os x, proxy: Proxy(), se:cdp: ws://192.168.0.104:4444/ses..., se:cdpVersion: 104.0.5112.79, setWindowRect: true, strictFileInteractability: false, timeouts: {implicit: 0, pageLoad: 300000, script: 30000}, unhandledPromptBehavior: dismiss and notify, webauthn:extension:credBlob: true, webauthn:extension:largeBlob: true, webauthn:virtualAuthenticators: true}
11:36:42.360 INFO [LocalSessionMap.lambda$new$0] - Deleted session from local session map, Id: 552619ce79d7dc48e99b68f079322ea6
11:36:46.489 INFO [LocalDistributor.newSession] - Session request received by the distributor: 
 [Capabilities {browserName: chrome}]
Starting ChromeDriver 104.0.5112.79 (3cf3e8c8a07d104b9e1260c910efb8f383285dc5-refs/branch-heads/5112@{#1307}) on port 53938
Only local connections are allowed.
Please see https://chromedriver.chromium.org/security-considerations for suggestions on keeping ChromeDriver safe.
ChromeDriver was started successfully.
11:36:47.716 INFO [ProtocolHandshake.createSession] - Detected dialect: W3C
11:36:47.732 INFO [LocalDistributor.newSession] - Session created by the distributor. Id: d63b8897956e268502025fdab95028bb, Caps: Capabilities {acceptInsecureCerts: false, browserName: chrome, browserVersion: 104.0.5112.79, chrome: {chromedriverVersion: 104.0.5112.79 (3cf3e8c8a07d..., userDataDir: /var/folders/vc/v_208v6n00v...}, goog:chromeOptions: {debuggerAddress: localhost:61254}, networkConnectionEnabled: false, pageLoadStrategy: normal, platformName: mac os x, proxy: Proxy(), se:cdp: ws://192.168.0.104:4444/ses..., se:cdpVersion: 104.0.5112.79, setWindowRect: true, strictFileInteractability: false, timeouts: {implicit: 0, pageLoad: 300000, script: 30000}, unhandledPromptBehavior: dismiss and notify, webauthn:extension:credBlob: true, webauthn:extension:largeBlob: true, webauthn:virtualAuthenticators: true}
11:36:52.213 INFO [LocalSessionMap.lambda$new$0] - Deleted session from local session map, Id: d63b8897956e268502025fdab95028bb
11:36:56.524 INFO [LocalDistributor.newSession] - Session request received by the distributor: 
 [Capabilities {browserName: chrome}]
Starting ChromeDriver 104.0.5112.79 (3cf3e8c8a07d104b9e1260c910efb8f383285dc5-refs/branch-heads/5112@{#1307}) on port 60918
Only local connections are allowed.
Please see https://chromedriver.chromium.org/security-considerations for suggestions on keeping ChromeDriver safe.
ChromeDriver was started successfully.
11:36:58.116 WARN [SeleniumSpanExporter$1.lambda$export$0] - {"traceId": "048c0567ac3011f39e41bf2866809421","eventTime": 1660639018089856292,"eventName": "exception","attributes": {"driver.url": "http:\u002f\u002flocalhost:60918","exception.message": "Error while creating session with the driver service. Stopping driver service: Could not start a new session. Response code 500. Message: unknown error: Chrome failed to start: crashed.\n  (chrome not reachable)\n  (The process started from chrome location \u002fApplications\u002fGoogle Chrome.app\u002fContents\u002fMacOS\u002fGoogle Chrome is no longer running, so ChromeDriver is assuming that Chrome has crashed.)\nBuild info: version: '4.0.0', revision: '3a21814679'\nSystem info: host: 'Olgas-MacBook-Air.local', ip: 'fe80:0:0:0:1886:b171:2f35:69f6%en0', os.name: 'Mac OS X', os.arch: 'x86_64', os.version: '12.0.1', java.version: '1.8.0_341'\nDriver info: driver.version: unknown","exception.stacktrace": "org.openqa.selenium.SessionNotCreatedException: Could not start a new session. Response code 500. Message: unknown error: Chrome failed to start: crashed.\n  (chrome not reachable)\n  (The process started from chrome location \u002fApplications\u002fGoogle Chrome.app\u002fContents\u002fMacOS\u002fGoogle Chrome is no longer running, so ChromeDriver is assuming that Chrome has crashed.)\nBuild info: version: '4.0.0', revision: '3a21814679'\nSystem info: host: 'Olgas-MacBook-Air.local', ip: 'fe80:0:0:0:1886:b171:2f35:69f6%en0', os.name: 'Mac OS X', os.arch: 'x86_64', os.version: '12.0.1', java.version: '1.8.0_341'\nDriver info: driver.version: unknown\n\tat org.openqa.selenium.remote.ProtocolHandshake.createSession(ProtocolHandshake.java:126)\n\tat org.openqa.selenium.remote.ProtocolHandshake.createSession(ProtocolHandshake.java:84)\n\tat org.openqa.selenium.remote.ProtocolHandshake.createSession(ProtocolHandshake.java:62)\n\tat org.openqa.selenium.grid.node.config.DriverServiceSessionFactory.apply(DriverServiceSessionFactory.java:131)\n\tat org.openqa.selenium.grid.node.config.DriverServiceSessionFactory.apply(DriverServiceSessionFactory.java:65)\n\tat org.openqa.selenium.grid.node.local.SessionSlot.apply(SessionSlot.java:143)\n\tat org.openqa.selenium.grid.node.local.LocalNode.newSession(LocalNode.java:315)\n\tat org.openqa.selenium.grid.distributor.local.LocalDistributor.startSession(LocalDistributor.java:513)\n\tat org.openqa.selenium.grid.distributor.local.LocalDistributor.newSession(LocalDistributor.java:440)\n\tat org.openqa.selenium.grid.distributor.local.LocalDistributor$NewSessionRunnable.handleNewSessionRequest(LocalDistributor.java:648)\n\tat org.openqa.selenium.grid.distributor.local.LocalDistributor$NewSessionRunnable.lambda$run$1(LocalDistributor.java:612)\n\tat java.util.concurrent.ThreadPoolExecutor.runWorker(ThreadPoolExecutor.java:1149)\n\tat java.util.concurrent.ThreadPoolExecutor$Worker.run(ThreadPoolExecutor.java:624)\n\tat java.lang.Thread.run(Thread.java:750)\n","exception.type": "org.openqa.selenium.SessionNotCreatedException","logger": "org.openqa.selenium.grid.node.config.DriverServiceSessionFactory","session.capabilities": "{\"browserName\": \"chrome\"}\n"}}

11:36:58.162 WARN [SeleniumSpanExporter$1.lambda$export$0] - {"traceId": "048c0567ac3011f39e41bf2866809421","eventTime": 1660639018161708250,"eventName": "HTTP request execution complete","attributes": {"http.flavor": 1,"http.handler_class": "org.openqa.selenium.grid.sessionqueue.local.LocalNewSessionQueue","http.host": "127.0.0.1:4444","http.method": "POST","http.request_content_length": "122","http.scheme": "HTTP","http.status_code": 500,"http.target": "\u002fsession","http.user_agent": "webdriver\u002f7.20.8"}}

11:37:01.535 INFO [LocalDistributor.newSession] - Session request received by the distributor: 
 [Capabilities {browserName: chrome}]
Starting ChromeDriver 104.0.5112.79 (3cf3e8c8a07d104b9e1260c910efb8f383285dc5-refs/branch-heads/5112@{#1307}) on port 51628
Only local connections are allowed.
Please see https://chromedriver.chromium.org/security-considerations for suggestions on keeping ChromeDriver safe.
ChromeDriver was started successfully.
11:37:02.817 INFO [ProtocolHandshake.createSession] - Detected dialect: W3C
11:37:02.847 INFO [LocalDistributor.newSession] - Session created by the distributor. Id: bda198fe8fc8dc44083452b0e50a6dd9, Caps: Capabilities {acceptInsecureCerts: false, browserName: chrome, browserVersion: 104.0.5112.79, chrome: {chromedriverVersion: 104.0.5112.79 (3cf3e8c8a07d..., userDataDir: /var/folders/vc/v_208v6n00v...}, goog:chromeOptions: {debuggerAddress: localhost:61386}, networkConnectionEnabled: false, pageLoadStrategy: normal, platformName: mac os x, proxy: Proxy(), se:cdp: ws://192.168.0.104:4444/ses..., se:cdpVersion: 104.0.5112.79, setWindowRect: true, strictFileInteractability: false, timeouts: {implicit: 0, pageLoad: 300000, script: 30000}, unhandledPromptBehavior: dismiss and notify, webauthn:extension:credBlob: true, webauthn:extension:largeBlob: true, webauthn:virtualAuthenticators: true}
11:37:07.299 INFO [LocalSessionMap.lambda$new$0] - Deleted session from local session map, Id: bda198fe8fc8dc44083452b0e50a6dd9
11:37:11.565 INFO [LocalDistributor.newSession] - Session request received by the distributor: 
 [Capabilities {browserName: chrome}]
Starting ChromeDriver 104.0.5112.79 (3cf3e8c8a07d104b9e1260c910efb8f383285dc5-refs/branch-heads/5112@{#1307}) on port 65025
Only local connections are allowed.
Please see https://chromedriver.chromium.org/security-considerations for suggestions on keeping ChromeDriver safe.
ChromeDriver was started successfully.
11:37:12.805 INFO [ProtocolHandshake.createSession] - Detected dialect: W3C
11:37:12.830 INFO [LocalDistributor.newSession] - Session created by the distributor. Id: 09c7d15cb742932ae304b5e01cfa9cfd, Caps: Capabilities {acceptInsecureCerts: false, browserName: chrome, browserVersion: 104.0.5112.79, chrome: {chromedriverVersion: 104.0.5112.79 (3cf3e8c8a07d..., userDataDir: /var/folders/vc/v_208v6n00v...}, goog:chromeOptions: {debuggerAddress: localhost:61450}, networkConnectionEnabled: false, pageLoadStrategy: normal, platformName: mac os x, proxy: Proxy(), se:cdp: ws://192.168.0.104:4444/ses..., se:cdpVersion: 104.0.5112.79, setWindowRect: true, strictFileInteractability: false, timeouts: {implicit: 0, pageLoad: 300000, script: 30000}, unhandledPromptBehavior: dismiss and notify, webauthn:extension:credBlob: true, webauthn:extension:largeBlob: true, webauthn:virtualAuthenticators: true}
11:37:17.217 INFO [LocalSessionMap.lambda$new$0] - Deleted session from local session map, Id: 09c7d15cb742932ae304b5e01cfa9cfd
11:37:21.559 INFO [LocalDistributor.newSession] - Session request received by the distributor: 
 [Capabilities {browserName: chrome}]
Starting ChromeDriver 104.0.5112.79 (3cf3e8c8a07d104b9e1260c910efb8f383285dc5-refs/branch-heads/5112@{#1307}) on port 57273
Only local connections are allowed.
Please see https://chromedriver.chromium.org/security-considerations for suggestions on keeping ChromeDriver safe.
ChromeDriver was started successfully.
11:37:22.867 INFO [ProtocolHandshake.createSession] - Detected dialect: W3C
11:37:22.880 INFO [LocalDistributor.newSession] - Session created by the distributor. Id: 7e06adb40973cec0f8bbb2d091efbb6d, Caps: Capabilities {acceptInsecureCerts: false, browserName: chrome, browserVersion: 104.0.5112.79, chrome: {chromedriverVersion: 104.0.5112.79 (3cf3e8c8a07d..., userDataDir: /var/folders/vc/v_208v6n00v...}, goog:chromeOptions: {debuggerAddress: localhost:61511}, networkConnectionEnabled: false, pageLoadStrategy: normal, platformName: mac os x, proxy: Proxy(), se:cdp: ws://192.168.0.104:4444/ses..., se:cdpVersion: 104.0.5112.79, setWindowRect: true, strictFileInteractability: false, timeouts: {implicit: 0, pageLoad: 300000, script: 30000}, unhandledPromptBehavior: dismiss and notify, webauthn:extension:credBlob: true, webauthn:extension:largeBlob: true, webauthn:virtualAuthenticators: true}
11:37:27.523 INFO [LocalSessionMap.lambda$new$0] - Deleted session from local session map, Id: 7e06adb40973cec0f8bbb2d091efbb6d
11:37:31.576 INFO [LocalDistributor.newSession] - Session request received by the distributor: 
 [Capabilities {browserName: chrome}]
Starting ChromeDriver 104.0.5112.79 (3cf3e8c8a07d104b9e1260c910efb8f383285dc5-refs/branch-heads/5112@{#1307}) on port 52642
Only local connections are allowed.
Please see https://chromedriver.chromium.org/security-considerations for suggestions on keeping ChromeDriver safe.
ChromeDriver was started successfully.
11:37:32.855 INFO [ProtocolHandshake.createSession] - Detected dialect: W3C
11:37:32.910 INFO [LocalDistributor.newSession] - Session created by the distributor. Id: dbcd027f9c9febdb502bf4bc22edede2, Caps: Capabilities {acceptInsecureCerts: false, browserName: chrome, browserVersion: 104.0.5112.79, chrome: {chromedriverVersion: 104.0.5112.79 (3cf3e8c8a07d..., userDataDir: /var/folders/vc/v_208v6n00v...}, goog:chromeOptions: {debuggerAddress: localhost:61572}, networkConnectionEnabled: false, pageLoadStrategy: normal, platformName: mac os x, proxy: Proxy(), se:cdp: ws://192.168.0.104:4444/ses..., se:cdpVersion: 104.0.5112.79, setWindowRect: true, strictFileInteractability: false, timeouts: {implicit: 0, pageLoad: 300000, script: 30000}, unhandledPromptBehavior: dismiss and notify, webauthn:extension:credBlob: true, webauthn:extension:largeBlob: true, webauthn:virtualAuthenticators: true}
11:37:35.821 INFO [LocalSessionMap.lambda$new$0] - Deleted session from local session map, Id: dbcd027f9c9febdb502bf4bc22edede2
11:37:36.584 INFO [LocalDistributor.newSession] - Session request received by the distributor: 
 [Capabilities {browserName: chrome}]
Starting ChromeDriver 104.0.5112.79 (3cf3e8c8a07d104b9e1260c910efb8f383285dc5-refs/branch-heads/5112@{#1307}) on port 59584
Only local connections are allowed.
Please see https://chromedriver.chromium.org/security-considerations for suggestions on keeping ChromeDriver safe.
ChromeDriver was started successfully.
11:37:37.850 INFO [ProtocolHandshake.createSession] - Detected dialect: W3C
11:37:37.867 INFO [LocalDistributor.newSession] - Session created by the distributor. Id: 28af96321fc12f604f89e1db3b28c64e, Caps: Capabilities {acceptInsecureCerts: false, browserName: chrome, browserVersion: 104.0.5112.79, chrome: {chromedriverVersion: 104.0.5112.79 (3cf3e8c8a07d..., userDataDir: /var/folders/vc/v_208v6n00v...}, goog:chromeOptions: {debuggerAddress: localhost:61610}, networkConnectionEnabled: false, pageLoadStrategy: normal, platformName: mac os x, proxy: Proxy(), se:cdp: ws://192.168.0.104:4444/ses..., se:cdpVersion: 104.0.5112.79, setWindowRect: true, strictFileInteractability: false, timeouts: {implicit: 0, pageLoad: 300000, script: 30000}, unhandledPromptBehavior: dismiss and notify, webauthn:extension:credBlob: true, webauthn:extension:largeBlob: true, webauthn:virtualAuthenticators: true}
11:37:46.106 INFO [LocalSessionMap.lambda$new$0] - Deleted session from local session map, Id: 28af96321fc12f604f89e1db3b28c64e
11:37:46.595 INFO [LocalDistributor.newSession] - Session request received by the distributor: 
 [Capabilities {browserName: chrome}]
Starting ChromeDriver 104.0.5112.79 (3cf3e8c8a07d104b9e1260c910efb8f383285dc5-refs/branch-heads/5112@{#1307}) on port 60292
Only local connections are allowed.
Please see https://chromedriver.chromium.org/security-considerations for suggestions on keeping ChromeDriver safe.
ChromeDriver was started successfully.
11:37:47.849 INFO [ProtocolHandshake.createSession] - Detected dialect: W3C
11:37:47.881 INFO [LocalDistributor.newSession] - Session created by the distributor. Id: 2271cb41ea15f3d8cfa3df8091b1aa63, Caps: Capabilities {acceptInsecureCerts: false, browserName: chrome, browserVersion: 104.0.5112.79, chrome: {chromedriverVersion: 104.0.5112.79 (3cf3e8c8a07d..., userDataDir: /var/folders/vc/v_208v6n00v...}, goog:chromeOptions: {debuggerAddress: localhost:61670}, networkConnectionEnabled: false, pageLoadStrategy: normal, platformName: mac os x, proxy: Proxy(), se:cdp: ws://192.168.0.104:4444/ses..., se:cdpVersion: 104.0.5112.79, setWindowRect: true, strictFileInteractability: false, timeouts: {implicit: 0, pageLoad: 300000, script: 30000}, unhandledPromptBehavior: dismiss and notify, webauthn:extension:credBlob: true, webauthn:extension:largeBlob: true, webauthn:virtualAuthenticators: true}
11:37:53.594 INFO [LocalSessionMap.lambda$new$0] - Deleted session from local session map, Id: 2271cb41ea15f3d8cfa3df8091b1aa63
11:37:56.618 INFO [LocalDistributor.newSession] - Session request received by the distributor: 
 [Capabilities {browserName: chrome}]
Starting ChromeDriver 104.0.5112.79 (3cf3e8c8a07d104b9e1260c910efb8f383285dc5-refs/branch-heads/5112@{#1307}) on port 59068
Only local connections are allowed.
Please see https://chromedriver.chromium.org/security-considerations for suggestions on keeping ChromeDriver safe.
ChromeDriver was started successfully.
11:37:57.877 INFO [ProtocolHandshake.createSession] - Detected dialect: W3C
11:37:57.898 INFO [LocalDistributor.newSession] - Session created by the distributor. Id: ce890917b10ba91ca690255c7d10e3e9, Caps: Capabilities {acceptInsecureCerts: false, browserName: chrome, browserVersion: 104.0.5112.79, chrome: {chromedriverVersion: 104.0.5112.79 (3cf3e8c8a07d..., userDataDir: /var/folders/vc/v_208v6n00v...}, goog:chromeOptions: {debuggerAddress: localhost:61742}, networkConnectionEnabled: false, pageLoadStrategy: normal, platformName: mac os x, proxy: Proxy(), se:cdp: ws://192.168.0.104:4444/ses..., se:cdpVersion: 104.0.5112.79, setWindowRect: true, strictFileInteractability: false, timeouts: {implicit: 0, pageLoad: 300000, script: 30000}, unhandledPromptBehavior: dismiss and notify, webauthn:extension:credBlob: true, webauthn:extension:largeBlob: true, webauthn:virtualAuthenticators: true}
11:38:06.001 INFO [LocalSessionMap.lambda$new$0] - Deleted session from local session map, Id: ce890917b10ba91ca690255c7d10e3e9
11:38:06.623 INFO [LocalDistributor.newSession] - Session request received by the distributor: 
 [Capabilities {browserName: chrome}]
Starting ChromeDriver 104.0.5112.79 (3cf3e8c8a07d104b9e1260c910efb8f383285dc5-refs/branch-heads/5112@{#1307}) on port 54866
Only local connections are allowed.
Please see https://chromedriver.chromium.org/security-considerations for suggestions on keeping ChromeDriver safe.
ChromeDriver was started successfully.
11:38:07.896 INFO [ProtocolHandshake.createSession] - Detected dialect: W3C
11:38:07.930 INFO [LocalDistributor.newSession] - Session created by the distributor. Id: 18f36782d5815bac2dac99e7c53336fb, Caps: Capabilities {acceptInsecureCerts: false, browserName: chrome, browserVersion: 104.0.5112.79, chrome: {chromedriverVersion: 104.0.5112.79 (3cf3e8c8a07d..., userDataDir: /var/folders/vc/v_208v6n00v...}, goog:chromeOptions: {debuggerAddress: localhost:61811}, networkConnectionEnabled: false, pageLoadStrategy: normal, platformName: mac os x, proxy: Proxy(), se:cdp: ws://192.168.0.104:4444/ses..., se:cdpVersion: 104.0.5112.79, setWindowRect: true, strictFileInteractability: false, timeouts: {implicit: 0, pageLoad: 300000, script: 30000}, unhandledPromptBehavior: dismiss and notify, webauthn:extension:credBlob: true, webauthn:extension:largeBlob: true, webauthn:virtualAuthenticators: true}
11:38:13.974 INFO [LocalSessionMap.lambda$new$0] - Deleted session from local session map, Id: 18f36782d5815bac2dac99e7c53336fb
11:38:16.654 INFO [LocalDistributor.newSession] - Session request received by the distributor: 
 [Capabilities {browserName: chrome}]
Starting ChromeDriver 104.0.5112.79 (3cf3e8c8a07d104b9e1260c910efb8f383285dc5-refs/branch-heads/5112@{#1307}) on port 51105
Only local connections are allowed.
Please see https://chromedriver.chromium.org/security-considerations for suggestions on keeping ChromeDriver safe.
ChromeDriver was started successfully.
11:38:17.934 INFO [ProtocolHandshake.createSession] - Detected dialect: W3C
11:38:17.950 INFO [LocalDistributor.newSession] - Session created by the distributor. Id: ee92935823e2694132dd4d52984c22d8, Caps: Capabilities {acceptInsecureCerts: false, browserName: chrome, browserVersion: 104.0.5112.79, chrome: {chromedriverVersion: 104.0.5112.79 (3cf3e8c8a07d..., userDataDir: /var/folders/vc/v_208v6n00v...}, goog:chromeOptions: {debuggerAddress: localhost:61871}, networkConnectionEnabled: false, pageLoadStrategy: normal, platformName: mac os x, proxy: Proxy(), se:cdp: ws://192.168.0.104:4444/ses..., se:cdpVersion: 104.0.5112.79, setWindowRect: true, strictFileInteractability: false, timeouts: {implicit: 0, pageLoad: 300000, script: 30000}, unhandledPromptBehavior: dismiss and notify, webauthn:extension:credBlob: true, webauthn:extension:largeBlob: true, webauthn:virtualAuthenticators: true}
11:38:26.206 INFO [LocalSessionMap.lambda$new$0] - Deleted session from local session map, Id: ee92935823e2694132dd4d52984c22d8
11:38:26.660 INFO [LocalDistributor.newSession] - Session request received by the distributor: 
 [Capabilities {browserName: chrome}]
Starting ChromeDriver 104.0.5112.79 (3cf3e8c8a07d104b9e1260c910efb8f383285dc5-refs/branch-heads/5112@{#1307}) on port 58512
Only local connections are allowed.
Please see https://chromedriver.chromium.org/security-considerations for suggestions on keeping ChromeDriver safe.
ChromeDriver was started successfully.
11:38:27.957 INFO [ProtocolHandshake.createSession] - Detected dialect: W3C
11:38:27.973 INFO [LocalDistributor.newSession] - Session created by the distributor. Id: fd33e713b322eb30327de7b02ad98f71, Caps: Capabilities {acceptInsecureCerts: false, browserName: chrome, browserVersion: 104.0.5112.79, chrome: {chromedriverVersion: 104.0.5112.79 (3cf3e8c8a07d..., userDataDir: /var/folders/vc/v_208v6n00v...}, goog:chromeOptions: {debuggerAddress: localhost:61932}, networkConnectionEnabled: false, pageLoadStrategy: normal, platformName: mac os x, proxy: Proxy(), se:cdp: ws://192.168.0.104:4444/ses..., se:cdpVersion: 104.0.5112.79, setWindowRect: true, strictFileInteractability: false, timeouts: {implicit: 0, pageLoad: 300000, script: 30000}, unhandledPromptBehavior: dismiss and notify, webauthn:extension:credBlob: true, webauthn:extension:largeBlob: true, webauthn:virtualAuthenticators: true}
11:38:33.634 INFO [LocalSessionMap.lambda$new$0] - Deleted session from local session map, Id: fd33e713b322eb30327de7b02ad98f71
11:38:36.694 INFO [LocalDistributor.newSession] - Session request received by the distributor: 
 [Capabilities {browserName: chrome}]
Starting ChromeDriver 104.0.5112.79 (3cf3e8c8a07d104b9e1260c910efb8f383285dc5-refs/branch-heads/5112@{#1307}) on port 65417
Only local connections are allowed.
Please see https://chromedriver.chromium.org/security-considerations for suggestions on keeping ChromeDriver safe.
ChromeDriver was started successfully.
11:38:37.859 INFO [ProtocolHandshake.createSession] - Detected dialect: W3C
11:38:37.874 INFO [LocalDistributor.newSession] - Session created by the distributor. Id: 82eba46ea9296b638c68ed79c7ad8bb1, Caps: Capabilities {acceptInsecureCerts: false, browserName: chrome, browserVersion: 104.0.5112.79, chrome: {chromedriverVersion: 104.0.5112.79 (3cf3e8c8a07d..., userDataDir: /var/folders/vc/v_208v6n00v...}, goog:chromeOptions: {debuggerAddress: localhost:61995}, networkConnectionEnabled: false, pageLoadStrategy: normal, platformName: mac os x, proxy: Proxy(), se:cdp: ws://192.168.0.104:4444/ses..., se:cdpVersion: 104.0.5112.79, setWindowRect: true, strictFileInteractability: false, timeouts: {implicit: 0, pageLoad: 300000, script: 30000}, unhandledPromptBehavior: dismiss and notify, webauthn:extension:credBlob: true, webauthn:extension:largeBlob: true, webauthn:virtualAuthenticators: true}
11:38:40.079 INFO [LocalSessionMap.lambda$new$0] - Deleted session from local session map, Id: 82eba46ea9296b638c68ed79c7ad8bb1
11:38:41.703 INFO [LocalDistributor.newSession] - Session request received by the distributor: 
 [Capabilities {browserName: chrome}]
Starting ChromeDriver 104.0.5112.79 (3cf3e8c8a07d104b9e1260c910efb8f383285dc5-refs/branch-heads/5112@{#1307}) on port 51356
Only local connections are allowed.
Please see https://chromedriver.chromium.org/security-considerations for suggestions on keeping ChromeDriver safe.
ChromeDriver was started successfully.
11:38:42.900 INFO [ProtocolHandshake.createSession] - Detected dialect: W3C
11:38:42.905 INFO [LocalDistributor.newSession] - Session created by the distributor. Id: 85b560aa9132bcb587775e9973a604ba, Caps: Capabilities {acceptInsecureCerts: false, browserName: chrome, browserVersion: 104.0.5112.79, chrome: {chromedriverVersion: 104.0.5112.79 (3cf3e8c8a07d..., userDataDir: /var/folders/vc/v_208v6n00v...}, goog:chromeOptions: {debuggerAddress: localhost:62031}, networkConnectionEnabled: false, pageLoadStrategy: normal, platformName: mac os x, proxy: Proxy(), se:cdp: ws://192.168.0.104:4444/ses..., se:cdpVersion: 104.0.5112.79, setWindowRect: true, strictFileInteractability: false, timeouts: {implicit: 0, pageLoad: 300000, script: 30000}, unhandledPromptBehavior: dismiss and notify, webauthn:extension:credBlob: true, webauthn:extension:largeBlob: true, webauthn:virtualAuthenticators: true}
11:38:54.068 INFO [LocalSessionMap.lambda$new$0] - Deleted session from local session map, Id: 85b560aa9132bcb587775e9973a604ba
